components/About.tsx(2,23): error TS2307: Cannot find module 'lucide-react' or its corresponding type declarations.
components/Contact.tsx(2,50): error TS2307: Cannot find module 'lucide-react' or its corresponding type declarations.
components/Hero.tsx(2,53): error TS2307: Cannot find module 'lucide-react' or its corresponding type declarations.
components/Navigation.tsx(2,35): error TS2307: Cannot find module 'lucide-react' or its corresponding type declarations.
components/Projects.tsx(2,55): error TS2307: Cannot find module 'lucide-react' or its corresponding type declarations.
components/TechStack.tsx(2,67): error TS2307: Cannot find module 'lucide-react' or its corresponding type declarations.
